This is pdfTeX, Version 3.141592653-2.6-1.40.25 (TeX Live 2023/Debian) (preloaded format=pdflatex 2025.2.19)  22 OCT 2025 14:29
entering extended mode
 restricted \write18 enabled.
 %&-line parsing enabled.
**document.tex
(./document.tex
LaTeX2e <2023-11-01> patch level 1
L3 programming layer <2024-01-22>
(/usr/share/texlive/texmf-dist/tex/latex/base/report.cls
Document Class: report 2023/05/17 v1.4n Standard LaTeX document class
(/usr/share/texlive/texmf-dist/tex/latex/base/size12.clo
File: size12.clo 2023/05/17 v1.4n Standard LaTeX file (size option)
)
\c@part=\count187
\c@chapter=\count188
\c@section=\count189
\c@subsection=\count190
\c@subsubsection=\count191
\c@paragraph=\count192
\c@subparagraph=\count193
\c@figure=\count194
\c@table=\count195
\abovecaptionskip=\skip48
\belowcaptionskip=\skip49
\bibindent=\dimen140
)
(/usr/share/texlive/texmf-dist/tex/latex/base/inputenc.sty
Package: inputenc 2021/02/14 v1.3d Input encoding file
\inpenc@prehook=\toks17
\inpenc@posthook=\toks18
)
(/usr/share/texlive/texmf-dist/tex/latex/base/fontenc.sty
Package: fontenc 2021/04/29 v2.0v Standard LaTeX package
)
(/usr/share/texlive/texmf-dist/tex/latex/geometry/geometry.sty
Package: geometry 2020/01/02 v5.9 Page Geometry

(/usr/share/texlive/texmf-dist/tex/latex/graphics/keyval.sty
Package: keyval 2022/05/29 v1.15 key=value parser (DPC)
\KV@toks@=\toks19
)
(/usr/share/texlive/texmf-dist/tex/generic/iftex/ifvtex.sty
Package: ifvtex 2019/10/25 v1.7 ifvtex legacy package. Use iftex instead.

(/usr/share/texlive/texmf-dist/tex/generic/iftex/iftex.sty
Package: iftex 2022/02/03 v1.0f TeX engine tests
))
\Gm@cnth=\count196
\Gm@cntv=\count197
\c@Gm@tempcnt=\count198
\Gm@bindingoffset=\dimen141
\Gm@wd@mp=\dimen142
\Gm@odd@mp=\dimen143
\Gm@even@mp=\dimen144
\Gm@layoutwidth=\dimen145
\Gm@layoutheight=\dimen146
\Gm@layouthoffset=\dimen147
\Gm@layoutvoffset=\dimen148
\Gm@dimlist=\toks20
)
(/usr/share/texlive/texmf-dist/tex/latex/graphics/graphicx.sty
Package: graphicx 2021/09/16 v1.2d Enhanced LaTeX Graphics (DPC,SPQR)

(/usr/share/texlive/texmf-dist/tex/latex/graphics/graphics.sty
Package: graphics 2022/03/10 v1.4e Standard LaTeX Graphics (DPC,SPQR)

(/usr/share/texlive/texmf-dist/tex/latex/graphics/trig.sty
Package: trig 2021/08/11 v1.11 sin cos tan (DPC)
)
(/usr/share/texlive/texmf-dist/tex/latex/graphics-cfg/graphics.cfg
File: graphics.cfg 2016/06/04 v1.11 sample graphics configuration
)
Package graphics Info: Driver file: pdftex.def on input line 107.

(/usr/share/texlive/texmf-dist/tex/latex/graphics-def/pdftex.def
File: pdftex.def 2022/09/22 v1.2b Graphics/color driver for pdftex
))
\Gin@req@height=\dimen149
\Gin@req@width=\dimen150
)
(/usr/share/texlive/texmf-dist/tex/latex/tools/array.sty
Package: array 2023/10/16 v2.5g Tabular extension package (FMi)
\col@sep=\dimen151
\ar@mcellbox=\box51
\extrarowheight=\dimen152
\NC@list=\toks21
\extratabsurround=\skip50
\backup@length=\skip51
\ar@cellbox=\box52
)
(/usr/share/texlive/texmf-dist/tex/latex/amsfonts/amssymb.sty
Package: amssymb 2013/01/14 v3.01 AMS font symbols

(/usr/share/texlive/texmf-dist/tex/latex/amsfonts/amsfonts.sty
Package: amsfonts 2013/01/14 v3.01 Basic AMSFonts support
\@emptytoks=\toks22
\symAMSa=\mathgroup4
\symAMSb=\mathgroup5
LaTeX Font Info:    Redeclaring math symbol \hbar on input line 98.
LaTeX Font Info:    Overwriting math alphabet `\mathfrak' in version `bold'
(Font)                  U/euf/m/n --> U/euf/b/n on input line 106.
))
(/usr/share/texlive/texmf-dist/tex/latex/setspace/setspace.sty
Package: setspace 2022/12/04 v6.7b set line spacing
)
(/usr/share/texlive/texmf-dist/tex/latex/fancyhdr/fancyhdr.sty
Package: fancyhdr 2022/11/09 v4.1 Extensive control of page headers and footers

\f@nch@headwidth=\skip52
\f@nch@O@elh=\skip53
\f@nch@O@erh=\skip54
\f@nch@O@olh=\skip55
\f@nch@O@orh=\skip56
\f@nch@O@elf=\skip57
\f@nch@O@erf=\skip58
\f@nch@O@olf=\skip59
\f@nch@O@orf=\skip60
)
(/usr/share/texlive/texmf-dist/tex/latex/hyperref/hyperref.sty
Package: hyperref 2024-01-20 v7.01h Hypertext links for LaTeX

(/usr/share/texlive/texmf-dist/tex/latex/kvsetkeys/kvsetkeys.sty
Package: kvsetkeys 2022-10-05 v1.19 Key value parser (HO)
)
(/usr/share/texlive/texmf-dist/tex/generic/kvdefinekeys/kvdefinekeys.sty
Package: kvdefinekeys 2019-12-19 v1.6 Define keys (HO)
)
(/usr/share/texlive/texmf-dist/tex/generic/pdfescape/pdfescape.sty
Package: pdfescape 2019/12/09 v1.15 Implements pdfTeX's escape features (HO)

(/usr/share/texlive/texmf-dist/tex/generic/ltxcmds/ltxcmds.sty
Package: ltxcmds 2023-12-04 v1.26 LaTeX kernel commands for general use (HO)
)
(/usr/share/texlive/texmf-dist/tex/generic/pdftexcmds/pdftexcmds.sty
Package: pdftexcmds 2020-06-27 v0.33 Utility functions of pdfTeX for LuaTeX (HO
)

(/usr/share/texlive/texmf-dist/tex/generic/infwarerr/infwarerr.sty
Package: infwarerr 2019/12/03 v1.5 Providing info/warning/error messages (HO)
)
Package pdftexcmds Info: \pdf@primitive is available.
Package pdftexcmds Info: \pdf@ifprimitive is available.
Package pdftexcmds Info: \pdfdraftmode found.
))
(/usr/share/texlive/texmf-dist/tex/latex/hycolor/hycolor.sty
Package: hycolor 2020-01-27 v1.10 Color options for hyperref/bookmark (HO)
)
(/usr/share/texlive/texmf-dist/tex/latex/auxhook/auxhook.sty
Package: auxhook 2019-12-17 v1.6 Hooks for auxiliary files (HO)
)
(/usr/share/texlive/texmf-dist/tex/latex/hyperref/nameref.sty
Package: nameref 2023-11-26 v2.56 Cross-referencing by name of section

(/usr/share/texlive/texmf-dist/tex/latex/refcount/refcount.sty
Package: refcount 2019/12/15 v3.6 Data extraction from label references (HO)
)
(/usr/share/texlive/texmf-dist/tex/generic/gettitlestring/gettitlestring.sty
Package: gettitlestring 2019/12/15 v1.6 Cleanup title references (HO)

(/usr/share/texlive/texmf-dist/tex/latex/kvoptions/kvoptions.sty
Package: kvoptions 2022-06-15 v3.15 Key value format for package options (HO)
))
\c@section@level=\count199
)
(/usr/share/texlive/texmf-dist/tex/latex/etoolbox/etoolbox.sty
Package: etoolbox 2020/10/05 v2.5k e-TeX tools for LaTeX (JAW)
\etb@tempcnta=\count266
)
\@linkdim=\dimen153
\Hy@linkcounter=\count267
\Hy@pagecounter=\count268

(/usr/share/texlive/texmf-dist/tex/latex/hyperref/pd1enc.def
File: pd1enc.def 2024-01-20 v7.01h Hyperref: PDFDocEncoding definition (HO)
Now handling font encoding PD1 ...
... no UTF-8 mapping file for font encoding PD1
)
(/usr/share/texlive/texmf-dist/tex/generic/intcalc/intcalc.sty
Package: intcalc 2019/12/15 v1.3 Expandable calculations with integers (HO)
)
\Hy@SavedSpaceFactor=\count269

(/usr/share/texlive/texmf-dist/tex/latex/hyperref/puenc.def
File: puenc.def 2024-01-20 v7.01h Hyperref: PDF Unicode definition (HO)
Now handling font encoding PU ...
... no UTF-8 mapping file for font encoding PU
)
Package hyperref Info: Hyper figures OFF on input line 4179.
Package hyperref Info: Link nesting OFF on input line 4184.
Package hyperref Info: Hyper index ON on input line 4187.
Package hyperref Info: Plain pages OFF on input line 4194.
Package hyperref Info: Backreferencing OFF on input line 4199.
Package hyperref Info: Implicit mode ON; LaTeX internals redefined.
Package hyperref Info: Bookmarks ON on input line 4446.
\c@Hy@tempcnt=\count270

(/usr/share/texlive/texmf-dist/tex/latex/url/url.sty
\Urlmuskip=\muskip16
Package: url 2013/09/16  ver 3.4  Verb mode for urls, etc.
)
LaTeX Info: Redefining \url on input line 4784.
\XeTeXLinkMargin=\dimen154

(/usr/share/texlive/texmf-dist/tex/generic/bitset/bitset.sty
Package: bitset 2019/12/09 v1.3 Handle bit-vector datatype (HO)

(/usr/share/texlive/texmf-dist/tex/generic/bigintcalc/bigintcalc.sty
Package: bigintcalc 2019/12/15 v1.5 Expandable calculations on big integers (HO
)
))
\Fld@menulength=\count271
\Field@Width=\dimen155
\Fld@charsize=\dimen156
Package hyperref Info: Hyper figures OFF on input line 6063.
Package hyperref Info: Link nesting OFF on input line 6068.
Package hyperref Info: Hyper index ON on input line 6071.
Package hyperref Info: backreferencing OFF on input line 6078.
Package hyperref Info: Link coloring OFF on input line 6083.
Package hyperref Info: Link coloring with OCG OFF on input line 6088.
Package hyperref Info: PDF/A mode OFF on input line 6093.

(/usr/share/texlive/texmf-dist/tex/latex/base/atbegshi-ltx.sty
Package: atbegshi-ltx 2021/01/10 v1.0c Emulation of the original atbegshi
package with kernel methods
)
\Hy@abspage=\count272
\c@Item=\count273
\c@Hfootnote=\count274
)
Package hyperref Info: Driver (autodetected): hpdftex.

(/usr/share/texlive/texmf-dist/tex/latex/hyperref/hpdftex.def
File: hpdftex.def 2024-01-20 v7.01h Hyperref driver for pdfTeX

(/usr/share/texlive/texmf-dist/tex/latex/base/atveryend-ltx.sty
Package: atveryend-ltx 2020/08/19 v1.0a Emulation of the original atveryend pac
kage
with kernel methods
)
\Fld@listcount=\count275
\c@bookmark@seq@number=\count276

(/usr/share/texlive/texmf-dist/tex/latex/rerunfilecheck/rerunfilecheck.sty
Package: rerunfilecheck 2022-07-10 v1.10 Rerun checks for auxiliary files (HO)

(/usr/share/texlive/texmf-dist/tex/generic/uniquecounter/uniquecounter.sty
Package: uniquecounter 2019/12/15 v1.4 Provide unlimited unique counter (HO)
)
Package uniquecounter Info: New unique counter `rerunfilecheck' on input line 2
85.
)
\Hy@SectionHShift=\skip61
)
Package hyperref Info: Option `colorlinks' set `true' on input line 42.


Package hyperref Warning: Token not allowed in a PDF string (Unicode):
(hyperref)                removing `alignment tab' on input line 42.

(/usr/share/texlive/texmf-dist/tex/latex/l3backend/l3backend-pdftex.def
File: l3backend-pdftex.def 2024-01-04 L3 backend support: PDF output (pdfTeX)
\l__color_backend_stack_int=\count277
\l__pdf_internal_box=\box53
)
(./document.aux)
\openout1 = `document.aux'.

LaTeX Font Info:    Checking defaults for OML/cmm/m/it on input line 45.
LaTeX Font Info:    ... okay on input line 45.
LaTeX Font Info:    Checking defaults for OMS/cmsy/m/n on input line 45.
LaTeX Font Info:    ... okay on input line 45.
LaTeX Font Info:    Checking defaults for OT1/cmr/m/n on input line 45.
LaTeX Font Info:    ... okay on input line 45.
LaTeX Font Info:    Checking defaults for T1/cmr/m/n on input line 45.
LaTeX Font Info:    ... okay on input line 45.
LaTeX Font Info:    Checking defaults for TS1/cmr/m/n on input line 45.
LaTeX Font Info:    ... okay on input line 45.
LaTeX Font Info:    Checking defaults for OMX/cmex/m/n on input line 45.
LaTeX Font Info:    ... okay on input line 45.
LaTeX Font Info:    Checking defaults for U/cmr/m/n on input line 45.
LaTeX Font Info:    ... okay on input line 45.
LaTeX Font Info:    Checking defaults for PD1/pdf/m/n on input line 45.
LaTeX Font Info:    ... okay on input line 45.
LaTeX Font Info:    Checking defaults for PU/pdf/m/n on input line 45.
LaTeX Font Info:    ... okay on input line 45.

*geometry* driver: auto-detecting
*geometry* detected driver: pdftex
*geometry* verbose mode - [ preamble ] result:
* driver: pdftex
* paper: a4paper
* layout: <same size as paper>
* layoutoffset:(h,v)=(0.0pt,0.0pt)
* modes: 
* h-part:(L,W,R)=(108.405pt, 416.83289pt, 72.26999pt)
* v-part:(T,H,B)=(72.26999pt, 700.50687pt, 72.26999pt)
* \paperwidth=597.50787pt
* \paperheight=845.04684pt
* \textwidth=416.83289pt
* \textheight=700.50687pt
* \oddsidemargin=36.13501pt
* \evensidemargin=36.13501pt
* \topmargin=-37.0pt
* \headheight=12.0pt
* \headsep=25.0pt
* \topskip=12.0pt
* \footskip=30.0pt
* \marginparwidth=35.0pt
* \marginparsep=10.0pt
* \columnsep=10.0pt
* \skip\footins=10.8pt plus 4.0pt minus 2.0pt
* \hoffset=0.0pt
* \voffset=0.0pt
* \mag=1000
* \@twocolumnfalse
* \@twosidefalse
* \@mparswitchfalse
* \@reversemarginfalse
* (1in=72.27pt=25.4mm, 1cm=28.453pt)

(/usr/share/texlive/texmf-dist/tex/context/base/mkii/supp-pdf.mkii
[Loading MPS to PDF converter (version 2006.09.02).]
\scratchcounter=\count278
\scratchdimen=\dimen157
\scratchbox=\box54
\nofMPsegments=\count279
\nofMParguments=\count280
\everyMPshowfont=\toks23
\MPscratchCnt=\count281
\MPscratchDim=\dimen158
\MPnumerator=\count282
\makeMPintoPDFobject=\count283
\everyMPtoPDFconversion=\toks24
) (/usr/share/texlive/texmf-dist/tex/latex/epstopdf-pkg/epstopdf-base.sty
Package: epstopdf-base 2020-01-24 v2.11 Base part for package epstopdf
Package epstopdf-base Info: Redefining graphics rule for `.eps' on input line 4
85.

(/usr/share/texlive/texmf-dist/tex/latex/latexconfig/epstopdf-sys.cfg
File: epstopdf-sys.cfg 2010/07/13 v1.3 Configuration of (r)epstopdf for TeX Liv
e
))
(/usr/share/texlive/texmf-dist/tex/latex/graphics/color.sty
Package: color 2022/01/06 v1.3d Standard LaTeX Color (DPC)

(/usr/share/texlive/texmf-dist/tex/latex/graphics-cfg/color.cfg
File: color.cfg 2016/01/02 v1.6 sample color configuration
)
Package color Info: Driver file: pdftex.def on input line 149.

(/usr/share/texlive/texmf-dist/tex/latex/graphics/mathcolor.ltx))
Package hyperref Info: Link coloring ON on input line 45.

(./document.out) (./document.out)
\@outlinefile=\write3
\openout3 = `document.out'.



LaTeX Font Warning: Font shape `T1/cmr/m/n' in size <18> not available
(Font)              size <17.28> substituted on input line 67.


LaTeX Font Warning: Font shape `T1/cmr/bx/n' in size <18> not available
(Font)              size <17.28> substituted on input line 67.


LaTeX Font Warning: Font shape `T1/cmr/m/n' in size <16> not available
(Font)              size <17.28> substituted on input line 87.

<rgukt_logo.png, id=213, 237.88875pt x 212.795pt>
File: rgukt_logo.png Graphic file (type png)
<use rgukt_logo.png>
Package pdftex.def Info: rgukt_logo.png  used on input line 102.
(pdftex.def)             Requested size: 166.7306pt x 149.15028pt.
[1

{/var/lib/texmf/fonts/map/pdftex/updmap/pdftex.map} <./rgukt_logo.png (PNG copy
)>] [2]

LaTeX Font Warning: Font shape `T1/cmr/bx/n' in size <16> not available
(Font)              size <17.28> substituted on input line 122.

File: rgukt_logo.png Graphic file (type png)
<use rgukt_logo.png>
Package pdftex.def Info: rgukt_logo.png  used on input line 164.
(pdftex.def)             Requested size: 166.7306pt x 149.15028pt.

pdfTeX warning (ext4): destination with the same identifier (name{page.1}) has 
been already used, duplicate ignored
<to be read again> 
                   \relax 
l.167 		
         [1]
pdfTeX warning (ext4): destination with the same identifier (name{page.2}) has 
been already used, duplicate ignored
<to be read again> 
                   \relax 
l.179 	\end{titlepage}
                       [2]
File: rgukt_logo.png Graphic file (type png)
<use rgukt_logo.png>
Package pdftex.def Info: rgukt_logo.png  used on input line 185.
(pdftex.def)             Requested size: 125.05113pt x 111.86191pt.
LaTeX Font Info:    Trying to load font information for U+msa on input line 208
.

(/usr/share/texlive/texmf-dist/tex/latex/amsfonts/umsa.fd
File: umsa.fd 2013/01/14 v3.01 AMS symbols A
)
LaTeX Font Info:    Trying to load font information for U+msb on input line 208
.

(/usr/share/texlive/texmf-dist/tex/latex/amsfonts/umsb.fd
File: umsb.fd 2013/01/14 v3.01 AMS symbols B
)
pdfTeX warning (ext4): destination with the same identifier (name{page.1}) has 
been already used, duplicate ignored
<to be read again> 
                   \relax 
l.220 	\begin{center}
                      [1]
pdfTeX warning (ext4): destination with the same identifier (name{page.2}) has 
been already used, duplicate ignored
<to be read again> 
                   \relax 
l.224 	\clearpage
                  [2]
File: rgukt_logo.png Graphic file (type png)
<use rgukt_logo.png>
Package pdftex.def Info: rgukt_logo.png  used on input line 230.
(pdftex.def)             Requested size: 125.05113pt x 111.86191pt.
 [3

] [4] [5


] [6


] [7] (./document.toc [8


] [9])
\tf@toc=\write4
\openout4 = `document.toc'.

 [10]
(./document.lof)
\tf@lof=\write5
\openout5 = `document.lof'.

 [11


] (./document.lot)
\tf@lot=\write6
\openout6 = `document.lot'.

 [12


]
Chapter 1.
[13


]
<bar_graph.png, id=358, 2509.375pt x 872.25874pt>
File: bar_graph.png Graphic file (type png)
<use bar_graph.png>
Package pdftex.def Info: bar_graph.png  used on input line 353.
(pdftex.def)             Requested size: 375.14705pt x 130.39394pt.


LaTeX Warning: `!h' float specifier changed to `!ht'.

[14]

LaTeX Warning: `!h' float specifier changed to `!ht'.

[15 <./bar_graph.png (PNG copy)>] [16] [17]
Chapter 2.
[18


] [19]
Overfull \hbox (3.26163pt too wide) in paragraph at lines 483--484
 []\T1/cmr/bx/n/12 Summary:[] \T1/cmr/m/n/12 This study as-sessed farm-ers' awa
re-ness of dig-i-tal agri-cul-tural schemes
 []

[20] [21]
Chapter 3.
[22


]
Overfull \hbox (17.10156pt too wide) in paragraph at lines 522--522
[]\T1/cmr/bx/n/17.28 Electronic Na-tional Agri-cul-ture Mar-ket (eNAM) 
 []

[23] [24]
Underfull \hbox (badness 10000) in paragraph at lines 586--587
[]|\T1/cmr/m/n/12 Every mod-ule, in-clud-ing gov-ern-ment
 []


Underfull \hbox (badness 1701) in paragraph at lines 586--587
\T1/cmr/m/n/12 schemes, weather, and mandi prices, is
 []


Underfull \hbox (badness 2027) in paragraph at lines 588--589
[]|\T1/cmr/m/n/12 Displays up-dated cen-tral and state-level
 []


Underfull \hbox (badness 3907) in paragraph at lines 592--593
[]|\T1/cmr/m/n/12 Fetches dy-namic crop price data from
 []


Underfull \hbox (badness 1924) in paragraph at lines 600--601
[]|\T1/cmr/m/n/12 Future ver-sion will cache es-sen-tial data
 []


Overfull \hbox (89.19559pt too wide) in paragraph at lines 580--603
 [][] 
 []

[25]
Overfull \hbox (559.26367pt too wide) in paragraph at lines 625--638
 [][] 
 []

[26] [27]
Chapter 4.

Overfull \hbox (2.93117pt too wide) in paragraph at lines 656--657
[]\T1/cmr/m/n/12 The ma-jor-ity of ex-ist-ing dig-i-tal plat-forms for farm-ers
 fo-cus on sin-gle do-mains^^Vsuch
 []


Overfull \hbox (7.06027pt too wide) in paragraph at lines 658--659
\T1/cmr/m/n/12 and weather fore-casts^^Vthrough an easy-to-use voice-assisted w
eb-application. Agri-
 []

[28


] [29]
Overfull \hbox (10.90012pt too wide) in paragraph at lines 686--687
 []\T1/cmr/bx/n/12 Admin Panel:[] \T1/cmr/m/n/12 Ad-mins have el-e-vated priv-i
-leges to man-age con-tent, ver-ify schemes,
 []

[30]
Overfull \hbox (0.80669pt too wide) in paragraph at lines 707--708
 []\T1/cmr/bx/n/12 Maintainability:[] \T1/cmr/m/n/12 Built us-ing mod-u-lar Re-
act com-po-nents and Fire-base's NoSQL
 []


Overfull \hbox (22.75266pt too wide) in paragraph at lines 724--725
[]\T1/cmr/bx/n/12 React.js: \T1/cmr/m/n/12 En-ables component-based ar-chi-tec-
ture, re-sult-ing in mod-u-lar, reusable,
 []

[31] [32] [33] [34]
Overfull \hbox (31.198pt too wide) in paragraph at lines 798--799
[]\T1/cmr/bx/n/12 Operating Sys-tem: \T1/cmr/m/n/12 An-droid 9.0 or higher, or 
any desk-top OS with Chrome/Edge
 []

[35]
Overfull \hbox (3.99066pt too wide) in paragraph at lines 822--823
[]\T1/cmr/bx/n/12 Speaker or Ear-phones: \T1/cmr/m/n/12 Re-quired for au-dio ou
t-put of trans-lated or weather-
 []

[36]
Overfull \hbox (18.40512pt too wide) in paragraph at lines 854--855
\T1/cmr/m/n/12 co-op-er-a-tive sales, and real-time weather fore-casts^^Vinto a
 sin-gle web-application. 
 []

[37] [38] [39]
Chapter 5.
[40


]
Overfull \hbox (4.13782pt too wide) in paragraph at lines 918--919
[]\T1/cmr/m/n/12 Includes third-party APIs like Open-Weath-erMap (for weather),
 Google Trans-
 []

<architecture_diagram.png, id=539, 1177.39874pt x 1229.59375pt>
File: architecture_diagram.png Graphic file (type png)
<use architecture_diagram.png>
Package pdftex.def Info: architecture_diagram.png  used on input line 928.
(pdftex.def)             Requested size: 416.83289pt x 435.31744pt.

LaTeX Warning: `!h' float specifier changed to `!ht'.

[41] [42 <./architecture_diagram.png>]
Chapter 6.
[43


] [44] [45


]
Underfull \hbox (badness 1142) in paragraph at lines 992--993
[]\T1/cmr/m/n/12 IPCC (2001). Third As-sess-ment Re-port: Cli-mate Change 2001.
 In-ter-
 []


Underfull \hbox (badness 1755) in paragraph at lines 992--993
\T1/cmr/m/n/12 gov-ern-men-tal Panel on Cli-mate Change (IPCC), Geneva, Switzer
-land,
 []

[46

] (./document.aux)
 ***********
LaTeX2e <2023-11-01> patch level 1
L3 programming layer <2024-01-22>
 ***********


LaTeX Font Warning: Size substitutions with differences
(Font)              up to 1.28pt have occurred.

Package rerunfilecheck Info: File `document.out' has not changed.
(rerunfilecheck)             Checksum: 88EE1B76C36209A2EBF286210952F146;8912.
 ) 
Here is how much of TeX's memory you used:
 10255 strings out of 476182
 154968 string characters out of 5795595
 1933975 words of memory out of 5000000
 31953 multiletter control sequences out of 15000+600000
 570596 words of font info for 65 fonts, out of 8000000 for 9000
 14 hyphenation exceptions out of 8191
 75i,12n,79p,1186b,509s stack positions out of 10000i,1000n,20000p,200000b,200000s
 </home/yashoda-adarsh/.texlive2023/texmf-var/fonts/pk/ljfour/jknappen/ec/tcr
m1200.600pk> </home/yashoda-adarsh/.texlive2023/texmf-var/fonts/pk/ljfour/jknap
pen/ec/ecbx2488.600pk> </home/yashoda-adarsh/.texlive2023/texmf-var/fonts/pk/lj
four/jknappen/ec/ecbx1200.600pk> </home/yashoda-adarsh/.texlive2023/texmf-var/f
onts/pk/ljfour/jknappen/ec/ecti1200.600pk> </home/yashoda-adarsh/.texlive2023/t
exmf-var/fonts/pk/ljfour/jknappen/ec/ecrm1200.600pk> </home/yashoda-adarsh/.tex
live2023/texmf-var/fonts/pk/ljfour/jknappen/ec/ecrm1728.600pk> </home/yashoda-a
darsh/.texlive2023/texmf-var/fonts/pk/ljfour/jknappen/ec/ecbx1440.600pk> </home
/yashoda-adarsh/.texlive2023/texmf-var/fonts/pk/ljfour/jknappen/ec/ecti1440.600
pk> </home/yashoda-adarsh/.texlive2023/texmf-var/fonts/pk/ljfour/jknappen/ec/ec
rm1440.600pk> </home/yashoda-adarsh/.texlive2023/texmf-var/fonts/pk/ljfour/jkna
ppen/ec/ecbx1728.600pk></usr/share/texlive/texmf-dist/fonts/type1/public/amsfon
ts/symbols/msam10.pfb>
Output written on document.pdf (50 pages, 555348 bytes).
PDF statistics:
 1070 PDF objects out of 1200 (max. 8388607)
 587 compressed objects within 6 object streams
 171 named destinations out of 1000 (max. 500000)
 432 words of extra memory for PDF output out of 10000 (max. 10000000)

