\BOOKMARK [0][-]{chapter*.1}{\376\377\000A\000C\000K\000N\000O\000W\000L\000E\000D\000G\000E\000M\000E\000N\000T}{}% 1
\BOOKMARK [0][-]{chapter*.2}{\376\377\000A\000B\000S\000T\000R\000A\000C\000T}{}% 2
\BOOKMARK [0][-]{chapter.1}{\376\377\000I\000n\000t\000r\000o\000d\000u\000c\000t\000i\000o\000n}{}% 3
\BOOKMARK [1][-]{section.1.1}{\376\377\000O\000v\000e\000r\000v\000i\000e\000w}{chapter.1}% 4
\BOOKMARK [1][-]{section.1.2}{\376\377\000O\000b\000j\000e\000c\000t\000i\000v\000e\000s}{chapter.1}% 5
\BOOKMARK [1][-]{section.1.3}{\376\377\000S\000c\000o\000p\000e}{chapter.1}% 6
\BOOKMARK [1][-]{section.1.4}{\376\377\000S\000i\000g\000n\000i\000f\000i\000c\000a\000n\000c\000e}{chapter.1}% 7
\BOOKMARK [1][-]{section.1.5}{\376\377\000M\000e\000t\000h\000o\000d\000o\000l\000o\000g\000y}{chapter.1}% 8
\BOOKMARK [0][-]{chapter.2}{\376\377\000R\000e\000v\000i\000e\000w\000\040\000o\000f\000\040\000L\000i\000t\000e\000r\000a\000t\000u\000r\000e}{}% 9
\BOOKMARK [1][-]{section.2.1}{\376\377\000R\000e\000v\000i\000e\000w\000\040\000o\000f\000\040\000R\000e\000l\000a\000t\000e\000d\000\040\000W\000o\000r\000k}{chapter.2}% 10
\BOOKMARK [2][-]{subsection.2.1.1}{\376\377\000M\000u\000l\000t\000i\000l\000i\000n\000g\000u\000a\000l\000\040\000c\000h\000a\000t\000b\000o\000t\000s\000\040\000f\000o\000r\000\040\000a\000g\000r\000i\000c\000u\000l\000t\000u\000r\000a\000l\000\040\000a\000s\000s\000i\000s\000t\000a\000n\000c\000e}{section.2.1}% 11
\BOOKMARK [2][-]{subsection.2.1.2}{\376\377\000A\000I\000-\000d\000r\000i\000v\000e\000n\000\040\000p\000l\000a\000n\000t\000\040\000d\000i\000s\000e\000a\000s\000e\000\040\000d\000i\000a\000g\000n\000o\000s\000i\000s}{section.2.1}% 12
\BOOKMARK [2][-]{subsection.2.1.3}{\376\377\000F\000a\000r\000m\000e\000r\000s\000'\000\040\000a\000w\000a\000r\000e\000n\000e\000s\000s\000\040\000o\000f\000\040\000d\000i\000g\000i\000t\000a\000l\000\040\000a\000g\000r\000i\000c\000u\000l\000t\000u\000r\000a\000l\000\040\000s\000c\000h\000e\000m\000e\000s\000\040\000i\000n\000\040\000T\000e\000l\000a\000n\000g\000a\000n\000a}{section.2.1}% 13
\BOOKMARK [1][-]{section.2.2}{\376\377\000C\000o\000n\000c\000l\000u\000s\000i\000o\000n\000\040\000o\000f\000\040\000R\000e\000v\000i\000e\000w}{chapter.2}% 14
\BOOKMARK [0][-]{chapter.3}{\376\377\000E\000x\000i\000s\000t\000i\000n\000g\000\040\000S\000o\000l\000u\000t\000i\000o\000n\000s}{}% 15
\BOOKMARK [1][-]{section.3.1}{\376\377\000K\000i\000s\000a\000n\000\040\000S\000u\000v\000i\000d\000h\000a}{chapter.3}% 16
\BOOKMARK [1][-]{section.3.2}{\376\377\000E\000l\000e\000c\000t\000r\000o\000n\000i\000c\000\040\000N\000a\000t\000i\000o\000n\000a\000l\000\040\000A\000g\000r\000i\000c\000u\000l\000t\000u\000r\000e\000\040\000M\000a\000r\000k\000e\000t\000\040\000\050\000e\000N\000A\000M\000\051}{chapter.3}% 17
\BOOKMARK [1][-]{section.3.3}{\376\377\000D\000i\000g\000i\000t\000a\000l\000\040\000I\000n\000d\000i\000a\000\040\000A\000g\000r\000i\000c\000u\000l\000t\000u\000r\000e\000\040\000I\000n\000i\000t\000i\000a\000t\000i\000v\000e\000s}{chapter.3}% 18
\BOOKMARK [1][-]{section.3.4}{\376\377\000A\000I\000/\000M\000L\000\040\000R\000e\000s\000e\000a\000r\000c\000h\000\040\000i\000n\000\040\000A\000g\000r\000i\000c\000u\000l\000t\000u\000r\000e}{chapter.3}% 19
\BOOKMARK [1][-]{section.3.5}{\376\377\000P\000r\000o\000p\000o\000s\000e\000d\000\040\000S\000y\000s\000t\000e\000m\000:\000\040\000A\000g\000r\000i\000S\000p\000h\000e\000r\000e}{chapter.3}% 20
\BOOKMARK [1][-]{section.3.6}{\376\377\000A\000d\000v\000a\000n\000t\000a\000g\000e\000s\000\040\000o\000f\000\040\000A\000g\000r\000i\000S\000p\000h\000e\000r\000e}{chapter.3}% 21
\BOOKMARK [2][-]{subsection.3.6.1}{\376\377\000V\000o\000i\000c\000e\000\040\000i\000n\000t\000e\000r\000a\000c\000t\000i\000o\000n\000\040\000a\000n\000d\000\040\000u\000s\000a\000b\000i\000l\000i\000t\000y}{section.3.6}% 22
\BOOKMARK [2][-]{subsection.3.6.2}{\376\377\000I\000n\000t\000e\000g\000r\000a\000t\000e\000d\000\040\000d\000a\000t\000a\000\040\000h\000u\000b}{section.3.6}% 23
\BOOKMARK [2][-]{subsection.3.6.3}{\376\377\000C\000l\000o\000u\000d\000-\000b\000a\000s\000e\000d\000\040\000a\000n\000d\000\040\000s\000c\000a\000l\000a\000b\000l\000e}{section.3.6}% 24
\BOOKMARK [1][-]{section.3.7}{\376\377\000C\000o\000m\000p\000a\000r\000a\000t\000i\000v\000e\000\040\000A\000n\000a\000l\000y\000s\000i\000s}{chapter.3}% 25
\BOOKMARK [1][-]{section.3.8}{\376\377\000C\000o\000n\000c\000l\000u\000s\000i\000o\000n}{chapter.3}% 26
\BOOKMARK [0][-]{chapter.4}{\376\377\000S\000y\000s\000t\000e\000m\000\040\000A\000n\000a\000l\000y\000s\000i\000s}{}% 27
\BOOKMARK [1][-]{section.4.1}{\376\377\000P\000r\000o\000b\000l\000e\000m\000\040\000D\000e\000f\000i\000n\000i\000t\000i\000o\000n}{chapter.4}% 28
\BOOKMARK [1][-]{section.4.2}{\376\377\000S\000y\000s\000t\000e\000m\000\040\000R\000e\000q\000u\000i\000r\000e\000m\000e\000n\000t\000s}{chapter.4}% 29
\BOOKMARK [2][-]{subsection.4.2.1}{\376\377\000F\000u\000n\000c\000t\000i\000o\000n\000a\000l\000\040\000r\000e\000q\000u\000i\000r\000e\000m\000e\000n\000t\000s}{section.4.2}% 30
\BOOKMARK [2][-]{subsection.4.2.2}{\376\377\000N\000o\000n\000-\000f\000u\000n\000c\000t\000i\000o\000n\000a\000l\000\040\000r\000e\000q\000u\000i\000r\000e\000m\000e\000n\000t\000s}{section.4.2}% 31
\BOOKMARK [2][-]{subsection.4.2.3}{\376\377\000S\000o\000f\000t\000w\000a\000r\000e\000\040\000r\000e\000q\000u\000i\000r\000e\000m\000e\000n\000t\000s}{section.4.2}% 32
\BOOKMARK [2][-]{subsection.4.2.4}{\376\377\000H\000a\000r\000d\000w\000a\000r\000e\000\040\000r\000e\000q\000u\000i\000r\000e\000m\000e\000n\000t\000s}{section.4.2}% 33
\BOOKMARK [1][-]{section.4.3}{\376\377\000F\000e\000a\000s\000i\000b\000i\000l\000i\000t\000y\000\040\000S\000t\000u\000d\000y}{chapter.4}% 34
\BOOKMARK [2][-]{subsection.4.3.1}{\376\377\000T\000e\000c\000h\000n\000i\000c\000a\000l\000\040\000f\000e\000a\000s\000i\000b\000i\000l\000i\000t\000y}{section.4.3}% 35
\BOOKMARK [2][-]{subsection.4.3.2}{\376\377\000E\000c\000o\000n\000o\000m\000i\000c\000\040\000f\000e\000a\000s\000i\000b\000i\000l\000i\000t\000y}{section.4.3}% 36
\BOOKMARK [2][-]{subsection.4.3.3}{\376\377\000O\000p\000e\000r\000a\000t\000i\000o\000n\000a\000l\000\040\000f\000e\000a\000s\000i\000b\000i\000l\000i\000t\000y}{section.4.3}% 37
\BOOKMARK [1][-]{section.4.4}{\376\377\000S\000y\000s\000t\000e\000m\000\040\000O\000b\000j\000e\000c\000t\000i\000v\000e\000s\000\040\000a\000n\000d\000\040\000C\000o\000n\000s\000t\000r\000a\000i\000n\000t\000s}{chapter.4}% 38
\BOOKMARK [2][-]{subsection.4.4.1}{\376\377\000S\000y\000s\000t\000e\000m\000\040\000o\000b\000j\000e\000c\000t\000i\000v\000e\000s}{section.4.4}% 39
\BOOKMARK [2][-]{subsection.4.4.2}{\376\377\000C\000o\000n\000s\000t\000r\000a\000i\000n\000t\000s\000\040\000a\000n\000d\000\040\000d\000e\000p\000e\000n\000d\000e\000n\000c\000i\000e\000s}{section.4.4}% 40
\BOOKMARK [1][-]{section.4.5}{\376\377\000C\000o\000n\000c\000l\000u\000s\000i\000o\000n}{chapter.4}% 41
\BOOKMARK [0][-]{chapter.5}{\376\377\000S\000y\000s\000t\000e\000m\000\040\000D\000e\000s\000i\000g\000n}{}% 42
\BOOKMARK [1][-]{section.5.1}{\376\377\000S\000y\000s\000t\000e\000m\000\040\000A\000r\000c\000h\000i\000t\000e\000c\000t\000u\000r\000e}{chapter.5}% 43
\BOOKMARK [2][-]{subsection.5.1.1}{\376\377\000P\000r\000e\000s\000e\000n\000t\000a\000t\000i\000o\000n\000\040\000l\000a\000y\000e\000r\000\040\000\050\000f\000r\000o\000n\000t\000e\000n\000d\000\040\000U\000I\000\051}{section.5.1}% 44
\BOOKMARK [2][-]{subsection.5.1.2}{\376\377\000A\000p\000p\000l\000i\000c\000a\000t\000i\000o\000n\000\040\000l\000o\000g\000i\000c\000\040\000l\000a\000y\000e\000r\000\040\000\050\000m\000i\000d\000d\000l\000e\000w\000a\000r\000e\000\051}{section.5.1}% 45
\BOOKMARK [2][-]{subsection.5.1.3}{\376\377\000D\000a\000t\000a\000b\000a\000s\000e\000\040\000l\000a\000y\000e\000r\000\040\000\050\000b\000a\000c\000k\000e\000n\000d\000\040\000s\000t\000o\000r\000a\000g\000e\000\051}{section.5.1}% 46
\BOOKMARK [2][-]{subsection.5.1.4}{\376\377\000E\000x\000t\000e\000r\000n\000a\000l\000\040\000s\000e\000r\000v\000i\000c\000e\000s\000\040\000l\000a\000y\000e\000r\000\040\000\050\000A\000P\000I\000s\000\051}{section.5.1}% 47
\BOOKMARK [2][-]{subsection.5.1.5}{\376\377\000S\000y\000s\000t\000e\000m\000\040\000a\000r\000c\000h\000i\000t\000e\000c\000t\000u\000r\000e\000\040\000d\000i\000a\000g\000r\000a\000m}{section.5.1}% 48
\BOOKMARK [0][-]{chapter.6}{\376\377\000C\000o\000n\000c\000l\000u\000s\000i\000o\000n\000s\000\040\000a\000n\000d\000\040\000F\000u\000t\000u\000r\000e\000\040\000W\000o\000r\000k\000s}{}% 49
\BOOKMARK [1][-]{section.6.1}{\376\377\000C\000o\000n\000c\000l\000u\000s\000i\000o\000n\000s}{chapter.6}% 50
\BOOKMARK [1][-]{section.6.2}{\376\377\000F\000u\000t\000u\000r\000e\000\040\000W\000o\000r\000k\000s}{chapter.6}% 51
\BOOKMARK [0][-]{chapter*.51}{\376\377\000R\000e\000f\000e\000r\000e\000n\000c\000e\000s}{}% 52
